1743626406: mosquitto version 2.0.21 starting
1743626406: Config loaded from /mosquitto/config/mosquitto.conf.
1743626406: Opening ipv4 listen socket on port 1883.
1743626406: Opening websockets listen socket on port 9001.
1743626406: mosquitto version 2.0.21 running
1743626407: New connection from 172.18.0.3:36395 on port 1883.
1743626407: New client connected from 172.18.0.3:36395 as MainServer (p2, c1, k60).
1743628207: Saving in-memory database to /mosquitto/data//mosquitto.db.
1743628215: Client MainServer closed its connection.
1743628215: mosquitto version 2.0.21 terminating
1743628215: Saving in-memory database to /mosquitto/data//mosquitto.db.
1743628224: mosquitto version 2.0.21 starting
1743628224: Config loaded from /mosquitto/config/mosquitto.conf.
1743628224: Opening ipv4 listen socket on port 1883.
1743628224: Opening websockets listen socket on port 9001.
1743628224: mosquitto version 2.0.21 running
1743629193: mosquitto version 2.0.21 terminating
1743629193: Saving in-memory database to /mosquitto/data//mosquitto.db.
1743970085: mosquitto version 2.0.21 starting
1743970085: Config loaded from /mosquitto/config/mosquitto.conf.
1743970085: Opening ipv4 listen socket on port 1883.
1743970085: Opening websockets listen socket on port 9001.
1743970085: mosquitto version 2.0.21 running
1743970116: New connection from 192.168.65.1:64372 on port 1883.
1743970116: Client <unknown> disconnected due to protocol error.
1743970117: New connection from 192.168.65.1:46968 on port 1883.
1743970117: Client <unknown> disconnected due to protocol error.
1743970122: New connection from 192.168.65.1:58357 on port 1883.
1743970122: Client <unknown> disconnected due to protocol error.
1743970599: mosquitto version 2.0.21 terminating
1743970599: Saving in-memory database to /mosquitto/data//mosquitto.db.
1743970606: mosquitto version 2.0.21 starting
1743970606: Config loaded from /mosquitto/config/mosquitto.conf.
1743970606: Opening ipv4 listen socket on port 1883.
1743970606: Opening websockets listen socket on port 9001.
1743970606: mosquitto version 2.0.21 running
1743972407: Saving in-memory database to /mosquitto/data//mosquitto.db.
1743973426: mosquitto version 2.0.21 terminating
1743973426: Saving in-memory database to /mosquitto/data//mosquitto.db.
